101.09.30 21:17 B D:\Apache\htdocs\netz\benjaminbirkenhake\pubertaetspoesie\absterben1.xml --> www.vox-populi.de /benjaminbirkenhake/pubertaetspoesie absterben1.xml
101.09.30 21:17 B D:\Apache\htdocs\netz\benjaminbirkenhake\pubertaetspoesie\absterben2.xml --> www.vox-populi.de /benjaminbirkenhake/pubertaetspoesie absterben2.xml
101.09.30 21:17 B D:\Apache\htdocs\netz\benjaminbirkenhake\pubertaetspoesie\absterben3.xml --> www.vox-populi.de /benjaminbirkenhake/pubertaetspoesie absterben3.xml
101.09.30 21:17 B D:\Apache\htdocs\netz\benjaminbirkenhake\pubertaetspoesie\absterben4.xml --> www.vox-populi.de /benjaminbirkenhake/pubertaetspoesie absterben4.xml
101.09.30 21:17 B D:\Apache\htdocs\netz\benjaminbirkenhake\pubertaetspoesie\absterben5.xml --> www.vox-populi.de /benjaminbirkenhake/pubertaetspoesie absterben5.xml
101.09.30 21:17 B D:\Apache\htdocs\netz\benjaminbirkenhake\pubertaetspoesie\atmen.xml --> www.vox-populi.de /benjaminbirkenhake/pubertaetspoesie atmen.xml
101.09.30 21:17 B D:\Apache\htdocs\netz\benjaminbirkenhake\pubertaetspoesie\auch-nur.xml --> www.vox-populi.de /benjaminbirkenhake/pubertaetspoesie auch-nur.xml
101.09.30 21:17 B D:\Apache\htdocs\netz\benjaminbirkenhake\pubertaetspoesie\brd1.xml --> www.vox-populi.de /benjaminbirkenhake/pubertaetspoesie brd1.xml
101.09.30 21:17 B D:\Apache\htdocs\netz\benjaminbirkenhake\pubertaetspoesie\brd2.xml --> www.vox-populi.de /benjaminbirkenhake/pubertaetspoesie brd2.xml
101.09.30 21:17 B D:\Apache\htdocs\netz\benjaminbirkenhake\pubertaetspoesie\brd3.xml --> www.vox-populi.de /benjaminbirkenhake/pubertaetspoesie brd3.xml
101.09.30 21:17 B D:\Apache\htdocs\netz\benjaminbirkenhake\pubertaetspoesie\brd4.xml --> www.vox-populi.de /benjaminbirkenhake/pubertaetspoesie brd4.xml
101.09.30 21:17 B D:\Apache\htdocs\netz\benjaminbirkenhake\pubertaetspoesie\brd5.xml --> www.vox-populi.de /benjaminbirkenhake/pubertaetspoesie brd5.xml
101.09.30 21:17 B D:\Apache\htdocs\netz\benjaminbirkenhake\pubertaetspoesie\brd6.xml --> www.vox-populi.de /benjaminbirkenhake/pubertaetspoesie brd6.xml
101.09.30 21:17 B D:\Apache\htdocs\netz\benjaminbirkenhake\pubertaetspoesie\brd7.xml --> www.vox-populi.de /benjaminbirkenhake/pubertaetspoesie brd7.xml
101.09.30 21:17 B D:\Apache\htdocs\netz\benjaminbirkenhake\pubertaetspoesie\brd8.xml --> www.vox-populi.de /benjaminbirkenhake/pubertaetspoesie brd8.xml
101.09.30 21:17 B D:\Apache\htdocs\netz\benjaminbirkenhake\pubertaetspoesie\denkbus.xml --> www.vox-populi.de /benjaminbirkenhake/pubertaetspoesie denkbus.xml
101.09.30 21:17 B D:\Apache\htdocs\netz\benjaminbirkenhake\pubertaetspoesie\der-tod.xml --> www.vox-populi.de /benjaminbirkenhake/pubertaetspoesie der-tod.xml
101.09.30 21:17 B D:\Apache\htdocs\netz\benjaminbirkenhake\pubertaetspoesie\dont.xml --> www.vox-populi.de /benjaminbirkenhake/pubertaetspoesie dont.xml
101.09.30 21:17 B D:\Apache\htdocs\netz\benjaminbirkenhake\pubertaetspoesie\dose.xml --> www.vox-populi.de /benjaminbirkenhake/pubertaetspoesie dose.xml
101.09.30 21:17 B D:\Apache\htdocs\netz\benjaminbirkenhake\pubertaetspoesie\er-ist-bereit.xml --> www.vox-populi.de /benjaminbirkenhake/pubertaetspoesie er-ist-bereit.xml
101.09.30 21:17 B D:\Apache\htdocs\netz\benjaminbirkenhake\pubertaetspoesie\frueher.xml --> www.vox-populi.de /benjaminbirkenhake/pubertaetspoesie frueher.xml
101.09.30 21:17 B D:\Apache\htdocs\netz\benjaminbirkenhake\pubertaetspoesie\gedanken.xml --> www.vox-populi.de /benjaminbirkenhake/pubertaetspoesie gedanken.xml
101.09.30 21:17 B D:\Apache\htdocs\netz\benjaminbirkenhake\pubertaetspoesie\haut.xml --> www.vox-populi.de /benjaminbirkenhake/pubertaetspoesie haut.xml
101.09.30 21:17 B D:\Apache\htdocs\netz\benjaminbirkenhake\pubertaetspoesie\heute.xml --> www.vox-populi.de /benjaminbirkenhake/pubertaetspoesie heute.xml
101.09.30 21:17 B D:\Apache\htdocs\netz\benjaminbirkenhake\pubertaetspoesie\hinter-ikea.xml --> www.vox-populi.de /benjaminbirkenhake/pubertaetspoesie hinter-ikea.xml
101.09.30 21:17 B D:\Apache\htdocs\netz\benjaminbirkenhake\pubertaetspoesie\im-zug.xml --> www.vox-populi.de /benjaminbirkenhake/pubertaetspoesie im-zug.xml
101.09.30 21:17 B D:\Apache\htdocs\netz\benjaminbirkenhake\pubertaetspoesie\index.html --> www.vox-populi.de /benjaminbirkenhake/pubertaetspoesie index.html
101.09.30 21:17 B D:\Apache\htdocs\netz\benjaminbirkenhake\pubertaetspoesie\intro.xml --> www.vox-populi.de /benjaminbirkenhake/pubertaetspoesie intro.xml
101.09.30 21:17 B D:\Apache\htdocs\netz\benjaminbirkenhake\pubertaetspoesie\ist-das.xml --> www.vox-populi.de /benjaminbirkenhake/pubertaetspoesie ist-das.xml
101.09.30 21:17 B D:\Apache\htdocs\netz\benjaminbirkenhake\pubertaetspoesie\jeden-tag.xml --> www.vox-populi.de /benjaminbirkenhake/pubertaetspoesie jeden-tag.xml
101.09.30 21:18 B D:\Apache\htdocs\netz\benjaminbirkenhake\pubertaetspoesie\koennen.xml --> www.vox-populi.de /benjaminbirkenhake/pubertaetspoesie koennen.xml
101.09.30 21:18 B D:\Apache\htdocs\netz\benjaminbirkenhake\pubertaetspoesie\krank.xml --> www.vox-populi.de /benjaminbirkenhake/pubertaetspoesie krank.xml
101.09.30 21:18 B D:\Apache\htdocs\netz\benjaminbirkenhake\pubertaetspoesie\liebe.xml --> www.vox-populi.de /benjaminbirkenhake/pubertaetspoesie liebe.xml
101.09.30 21:18 B D:\Apache\htdocs\netz\benjaminbirkenhake\pubertaetspoesie\lyrik.xml --> www.vox-populi.de /benjaminbirkenhake/pubertaetspoesie lyrik.xml
101.09.30 21:18 B D:\Apache\htdocs\netz\benjaminbirkenhake\pubertaetspoesie\manchmal.xml --> www.vox-populi.de /benjaminbirkenhake/pubertaetspoesie manchmal.xml
101.09.30 21:18 B D:\Apache\htdocs\netz\benjaminbirkenhake\pubertaetspoesie\meinfuss.xml --> www.vox-populi.de /benjaminbirkenhake/pubertaetspoesie meinfuss.xml
101.09.30 21:18 B D:\Apache\htdocs\netz\benjaminbirkenhake\pubertaetspoesie\popstimme.xml --> www.vox-populi.de /benjaminbirkenhake/pubertaetspoesie popstimme.xml
101.09.30 21:18 B D:\Apache\htdocs\netz\benjaminbirkenhake\pubertaetspoesie\pp.jpg --> www.vox-populi.de /benjaminbirkenhake/pubertaetspoesie pp.jpg
101.09.30 21:18 B D:\Apache\htdocs\netz\benjaminbirkenhake\pubertaetspoesie\ppoesie.css --> www.vox-populi.de /benjaminbirkenhake/pubertaetspoesie ppoesie.css
101.09.30 21:18 B D:\Apache\htdocs\netz\benjaminbirkenhake\pubertaetspoesie\ppoesie.php3 --> www.vox-populi.de /benjaminbirkenhake/pubertaetspoesie ppoesie.php3
101.09.30 21:18 B D:\Apache\htdocs\netz\benjaminbirkenhake\pubertaetspoesie\reisen1.xml --> www.vox-populi.de /benjaminbirkenhake/pubertaetspoesie reisen1.xml
101.09.30 21:18 B D:\Apache\htdocs\netz\benjaminbirkenhake\pubertaetspoesie\reisen2.xml --> www.vox-populi.de /benjaminbirkenhake/pubertaetspoesie reisen2.xml
101.09.30 21:18 B D:\Apache\htdocs\netz\benjaminbirkenhake\pubertaetspoesie\reisen3.xml --> www.vox-populi.de /benjaminbirkenhake/pubertaetspoesie reisen3.xml
101.09.30 21:18 B D:\Apache\htdocs\netz\benjaminbirkenhake\pubertaetspoesie\reisen4.xml --> www.vox-populi.de /benjaminbirkenhake/pubertaetspoesie reisen4.xml
101.09.30 21:18 B D:\Apache\htdocs\netz\benjaminbirkenhake\pubertaetspoesie\reisen5.xml --> www.vox-populi.de /benjaminbirkenhake/pubertaetspoesie reisen5.xml
101.09.30 21:18 B D:\Apache\htdocs\netz\benjaminbirkenhake\pubertaetspoesie\reisen6.xml --> www.vox-populi.de /benjaminbirkenhake/pubertaetspoesie reisen6.xml
101.09.30 21:18 B D:\Apache\htdocs\netz\benjaminbirkenhake\pubertaetspoesie\revolution.xml --> www.vox-populi.de /benjaminbirkenhake/pubertaetspoesie revolution.xml
101.09.30 21:18 B D:\Apache\htdocs\netz\benjaminbirkenhake\pubertaetspoesie\rosa-wunsch.xml --> www.vox-populi.de /benjaminbirkenhake/pubertaetspoesie rosa-wunsch.xml
101.09.30 21:18 B D:\Apache\htdocs\netz\benjaminbirkenhake\pubertaetspoesie\rrrr.xml --> www.vox-populi.de /benjaminbirkenhake/pubertaetspoesie rrrr.xml
101.09.30 21:18 B D:\Apache\htdocs\netz\benjaminbirkenhake\pubertaetspoesie\tage.xml --> www.vox-populi.de /benjaminbirkenhake/pubertaetspoesie tage.xml
101.09.30 21:18 B D:\Apache\htdocs\netz\benjaminbirkenhake\pubertaetspoesie\topspeed.TTF --> www.vox-populi.de /benjaminbirkenhake/pubertaetspoesie topspeed.TTF
101.09.30 21:19 B D:\Apache\htdocs\netz\benjaminbirkenhake\pubertaetspoesie\totale-kriegsspiele.xml --> www.vox-populi.de /benjaminbirkenhake/pubertaetspoesie totale-kriegsspiele.xml
101.09.30 21:19 B D:\Apache\htdocs\netz\benjaminbirkenhake\pubertaetspoesie\vereist.xml --> www.vox-populi.de /benjaminbirkenhake/pubertaetspoesie vereist.xml
101.09.30 21:19 B D:\Apache\htdocs\netz\benjaminbirkenhake\pubertaetspoesie\worte.xml --> www.vox-populi.de /benjaminbirkenhake/pubertaetspoesie worte.xml
101.09.30 21:19 B D:\Apache\htdocs\netz\benjaminbirkenhake\pubertaetspoesie\zornig1.xml --> www.vox-populi.de /benjaminbirkenhake/pubertaetspoesie zornig1.xml
101.09.30 21:19 B D:\Apache\htdocs\netz\benjaminbirkenhake\pubertaetspoesie\zornig2.xml --> www.vox-populi.de /benjaminbirkenhake/pubertaetspoesie zornig2.xml
101.09.30 21:19 B D:\Apache\htdocs\netz\benjaminbirkenhake\pubertaetspoesie\zornig3.xml --> www.vox-populi.de /benjaminbirkenhake/pubertaetspoesie zornig3.xml
101.09.30 21:19 B D:\Apache\htdocs\netz\benjaminbirkenhake\pubertaetspoesie\zornig4.xml --> www.vox-populi.de /benjaminbirkenhake/pubertaetspoesie zornig4.xml
