101.09.09 15:27 B D:\ALLSAVES\Netz\benjaminbirkenhake\Pavilion\pantheon.php3 --> www.vox-populi.de /benjaminbirkenhake/Pavilion pantheon.php3
101.09.09 15:27 B D:\ALLSAVES\Netz\benjaminbirkenhake\Pavilion\pantheon.html --> www.vox-populi.de /benjaminbirkenhake/Pavilion pantheon.html
101.09.09 15:27 B D:\ALLSAVES\Netz\benjaminbirkenhake\Pavilion\pantheon1.html --> www.vox-populi.de /benjaminbirkenhake/Pavilion pantheon1.html
101.09.09 15:27 B D:\ALLSAVES\Netz\benjaminbirkenhake\Pavilion\32.jpg --> www.vox-populi.de /benjaminbirkenhake/Pavilion 32.jpg
101.09.09 15:27 B D:\ALLSAVES\Netz\benjaminbirkenhake\Pavilion\31.jpg --> www.vox-populi.de /benjaminbirkenhake/Pavilion 31.jpg
101.09.09 15:27 B D:\ALLSAVES\Netz\benjaminbirkenhake\Pavilion\30.jpg --> www.vox-populi.de /benjaminbirkenhake/Pavilion 30.jpg
101.09.09 15:27 B D:\ALLSAVES\Netz\benjaminbirkenhake\Pavilion\29.jpg --> www.vox-populi.de /benjaminbirkenhake/Pavilion 29.jpg
101.09.09 15:27 B D:\ALLSAVES\Netz\benjaminbirkenhake\Pavilion\28.jpg --> www.vox-populi.de /benjaminbirkenhake/Pavilion 28.jpg
101.09.09 15:27 B D:\ALLSAVES\Netz\benjaminbirkenhake\Pavilion\27.jpg --> www.vox-populi.de /benjaminbirkenhake/Pavilion 27.jpg
101.09.09 15:27 B D:\ALLSAVES\Netz\benjaminbirkenhake\Pavilion\26.jpg --> www.vox-populi.de /benjaminbirkenhake/Pavilion 26.jpg
101.09.09 15:27 B D:\ALLSAVES\Netz\benjaminbirkenhake\Pavilion\24.jpg --> www.vox-populi.de /benjaminbirkenhake/Pavilion 24.jpg
101.09.09 15:27 B D:\ALLSAVES\Netz\benjaminbirkenhake\Pavilion\23.jpg --> www.vox-populi.de /benjaminbirkenhake/Pavilion 23.jpg
101.09.09 15:27 B D:\ALLSAVES\Netz\benjaminbirkenhake\Pavilion\22.jpg --> www.vox-populi.de /benjaminbirkenhake/Pavilion 22.jpg
101.09.09 15:28 B D:\ALLSAVES\Netz\benjaminbirkenhake\Pavilion\21.jpg --> www.vox-populi.de /benjaminbirkenhake/Pavilion 21.jpg
101.09.09 15:28 B D:\ALLSAVES\Netz\benjaminbirkenhake\Pavilion\20.jpg --> www.vox-populi.de /benjaminbirkenhake/Pavilion 20.jpg
101.09.09 15:28 B D:\ALLSAVES\Netz\benjaminbirkenhake\Pavilion\19.jpg --> www.vox-populi.de /benjaminbirkenhake/Pavilion 19.jpg
101.09.09 15:28 B D:\ALLSAVES\Netz\benjaminbirkenhake\Pavilion\18.jpg --> www.vox-populi.de /benjaminbirkenhake/Pavilion 18.jpg
101.09.09 15:28 B D:\ALLSAVES\Netz\benjaminbirkenhake\Pavilion\17.jpg --> www.vox-populi.de /benjaminbirkenhake/Pavilion 17.jpg
101.09.09 15:28 B D:\ALLSAVES\Netz\benjaminbirkenhake\Pavilion\16.jpg --> www.vox-populi.de /benjaminbirkenhake/Pavilion 16.jpg
101.09.09 15:28 B D:\ALLSAVES\Netz\benjaminbirkenhake\Pavilion\25.jpg --> www.vox-populi.de /benjaminbirkenhake/Pavilion 25.jpg
101.09.09 15:28 B D:\ALLSAVES\Netz\benjaminbirkenhake\Pavilion\15.jpg --> www.vox-populi.de /benjaminbirkenhake/Pavilion 15.jpg
101.09.09 15:28 B D:\ALLSAVES\Netz\benjaminbirkenhake\Pavilion\14.jpg --> www.vox-populi.de /benjaminbirkenhake/Pavilion 14.jpg
101.09.09 15:28 B D:\ALLSAVES\Netz\benjaminbirkenhake\Pavilion\13.jpg --> www.vox-populi.de /benjaminbirkenhake/Pavilion 13.jpg
101.09.09 15:28 B D:\ALLSAVES\Netz\benjaminbirkenhake\Pavilion\12.jpg --> www.vox-populi.de /benjaminbirkenhake/Pavilion 12.jpg
101.09.09 15:28 B D:\ALLSAVES\Netz\benjaminbirkenhake\Pavilion\11.jpg --> www.vox-populi.de /benjaminbirkenhake/Pavilion 11.jpg
101.09.09 15:28 B D:\ALLSAVES\Netz\benjaminbirkenhake\Pavilion\9.jpg --> www.vox-populi.de /benjaminbirkenhake/Pavilion 9.jpg
101.09.09 15:28 B D:\ALLSAVES\Netz\benjaminbirkenhake\Pavilion\10.jpg --> www.vox-populi.de /benjaminbirkenhake/Pavilion 10.jpg
101.09.09 15:28 B D:\ALLSAVES\Netz\benjaminbirkenhake\Pavilion\8.jpg --> www.vox-populi.de /benjaminbirkenhake/Pavilion 8.jpg
101.09.09 15:28 B D:\ALLSAVES\Netz\benjaminbirkenhake\Pavilion\7.jpg --> www.vox-populi.de /benjaminbirkenhake/Pavilion 7.jpg
101.09.09 15:28 B D:\ALLSAVES\Netz\benjaminbirkenhake\Pavilion\6.jpg --> www.vox-populi.de /benjaminbirkenhake/Pavilion 6.jpg
101.09.09 15:28 B D:\ALLSAVES\Netz\benjaminbirkenhake\Pavilion\5.jpg --> www.vox-populi.de /benjaminbirkenhake/Pavilion 5.jpg
101.09.09 15:28 B D:\ALLSAVES\Netz\benjaminbirkenhake\Pavilion\4.jpg --> www.vox-populi.de /benjaminbirkenhake/Pavilion 4.jpg
101.09.09 15:28 B D:\ALLSAVES\Netz\benjaminbirkenhake\Pavilion\2.jpg --> www.vox-populi.de /benjaminbirkenhake/Pavilion 2.jpg
101.09.09 15:28 B D:\ALLSAVES\Netz\benjaminbirkenhake\Pavilion\1.jpg --> www.vox-populi.de /benjaminbirkenhake/Pavilion 1.jpg
101.09.09 15:28 B D:\ALLSAVES\Netz\benjaminbirkenhake\Pavilion\standart.html --> www.vox-populi.de /benjaminbirkenhake/Pavilion standart.html
101.09.09 15:28 B D:\ALLSAVES\Netz\benjaminbirkenhake\Pavilion\3.jpg --> www.vox-populi.de /benjaminbirkenhake/Pavilion 3.jpg
101.09.09 15:28 B D:\ALLSAVES\Netz\benjaminbirkenhake\Pavilion\zeilex.html --> www.vox-populi.de /benjaminbirkenhake/Pavilion zeilex.html
101.09.09 15:28 B D:\ALLSAVES\Netz\benjaminbirkenhake\Pavilion\zeile3.html --> www.vox-populi.de /benjaminbirkenhake/Pavilion zeile3.html
101.09.09 15:28 B D:\ALLSAVES\Netz\benjaminbirkenhake\Pavilion\zeile2.html --> www.vox-populi.de /benjaminbirkenhake/Pavilion zeile2.html
101.09.09 15:28 B D:\ALLSAVES\Netz\benjaminbirkenhake\Pavilion\zeile1.html --> www.vox-populi.de /benjaminbirkenhake/Pavilion zeile1.html
101.09.09 15:28 B D:\ALLSAVES\Netz\benjaminbirkenhake\Pavilion\mehr.html --> www.vox-populi.de /benjaminbirkenhake/Pavilion mehr.html
101.09.09 15:28 B D:\ALLSAVES\Netz\benjaminbirkenhake\Pavilion\weniger_mehr.html --> www.vox-populi.de /benjaminbirkenhake/Pavilion weniger_mehr.html
101.09.09 15:28 B D:\ALLSAVES\Netz\benjaminbirkenhake\Pavilion\zeilen.html --> www.vox-populi.de /benjaminbirkenhake/Pavilion zeilen.html
101.09.09 15:28 B D:\ALLSAVES\Netz\benjaminbirkenhake\Pavilion\barcelona.html --> www.vox-populi.de /benjaminbirkenhake/Pavilion barcelona.html
101.09.09 15:28 B D:\ALLSAVES\Netz\benjaminbirkenhake\Pavilion\welcome_pantheon.html --> www.vox-populi.de /benjaminbirkenhake/Pavilion welcome_pantheon.html
101.09.09 15:28 B D:\ALLSAVES\Netz\benjaminbirkenhake\Pavilion\welcome_zeilen.html --> www.vox-populi.de /benjaminbirkenhake/Pavilion welcome_zeilen.html
101.09.09 15:28 B D:\ALLSAVES\Netz\benjaminbirkenhake\Pavilion\welcome.html --> www.vox-populi.de /benjaminbirkenhake/Pavilion welcome.html
101.09.09 15:28 B D:\ALLSAVES\Netz\benjaminbirkenhake\Pavilion\white.css --> www.vox-populi.de /benjaminbirkenhake/Pavilion white.css
101.09.09 15:28 B D:\ALLSAVES\Netz\benjaminbirkenhake\Pavilion\welcome_barcelona.html --> www.vox-populi.de /benjaminbirkenhake/Pavilion welcome_barcelona.html
101.09.09 15:28 B D:\ALLSAVES\Netz\benjaminbirkenhake\Pavilion\smalltop.html --> www.vox-populi.de /benjaminbirkenhake/Pavilion smalltop.html
101.09.09 15:28 B D:\ALLSAVES\Netz\benjaminbirkenhake\Pavilion\smallbot.html --> www.vox-populi.de /benjaminbirkenhake/Pavilion smallbot.html
101.09.09 15:28 B D:\ALLSAVES\Netz\benjaminbirkenhake\Pavilion\black.css --> www.vox-populi.de /benjaminbirkenhake/Pavilion black.css
101.09.09 15:28 B D:\ALLSAVES\Netz\benjaminbirkenhake\Pavilion\pavilion.html --> www.vox-populi.de /benjaminbirkenhake/Pavilion pavilion.html
101.09.09 15:28 B D:\ALLSAVES\Netz\benjaminbirkenhake\Pavilion\whitelinetop.gif --> www.vox-populi.de /benjaminbirkenhake/Pavilion whitelinetop.gif
101.09.09 15:28 B D:\ALLSAVES\Netz\benjaminbirkenhake\Pavilion\whitelinebot.gif --> www.vox-populi.de /benjaminbirkenhake/Pavilion whitelinebot.gif
101.09.09 15:29 B D:\ALLSAVES\Netz\benjaminbirkenhake\Pavilion\square.gif --> www.vox-populi.de /benjaminbirkenhake/Pavilion square.gif
101.09.09 15:29 B D:\ALLSAVES\Netz\benjaminbirkenhake\Pavilion\blackbox.html --> www.vox-populi.de /benjaminbirkenhake/Pavilion blackbox.html
101.09.09 15:29 B D:\ALLSAVES\Netz\benjaminbirkenhake\Pavilion\whitebox.html --> www.vox-populi.de /benjaminbirkenhake/Pavilion whitebox.html
101.09.09 15:29 B D:\ALLSAVES\Netz\benjaminbirkenhake\Pavilion\framestandart.html --> www.vox-populi.de /benjaminbirkenhake/Pavilion framestandart.html
101.09.09 15:29 B D:\ALLSAVES\Netz\benjaminbirkenhake\Pavilion\main.css --> www.vox-populi.de /benjaminbirkenhake/Pavilion main.css
101.09.09 15:33 B D:\ALLSAVES\Netz\benjaminbirkenhake\Pavilion\pantheon1.html --> www.vox-populi.de /benjaminbirkenhake/Pavilion pantheon1.html
101.09.09 15:33 B D:\ALLSAVES\Netz\benjaminbirkenhake\Pavilion\WS_FTP.LOG --> www.vox-populi.de /benjaminbirkenhake/Pavilion WS_FTP.LOG
101.09.09 15:33 B D:\ALLSAVES\Netz\benjaminbirkenhake\Pavilion\pantheon.php3 --> www.vox-populi.de /benjaminbirkenhake/Pavilion pantheon.php3
101.09.09 15:33 B D:\ALLSAVES\Netz\benjaminbirkenhake\Pavilion\pantheon.html --> www.vox-populi.de /benjaminbirkenhake/Pavilion pantheon.html
101.09.09 15:33 B D:\ALLSAVES\Netz\benjaminbirkenhake\Pavilion\mehr.html --> www.vox-populi.de /benjaminbirkenhake/Pavilion mehr.html
101.09.09 15:33 B D:\ALLSAVES\Netz\benjaminbirkenhake\Pavilion\framestandart.html --> www.vox-populi.de /benjaminbirkenhake/Pavilion framestandart.html
101.09.09 15:33 B D:\ALLSAVES\Netz\benjaminbirkenhake\Pavilion\blackbox.html --> www.vox-populi.de /benjaminbirkenhake/Pavilion blackbox.html
101.09.09 15:33 B D:\ALLSAVES\Netz\benjaminbirkenhake\Pavilion\barcelona.html --> www.vox-populi.de /benjaminbirkenhake/Pavilion barcelona.html
101.09.09 15:35 B D:\ALLSAVES\Netz\benjaminbirkenhake\Pavilion\pavillion.html --> www.vox-populi.de /benjaminbirkenhake/Pavillion pavillion.html
101.09.09 15:38 B D:\ALLSAVES\Netz\benjaminbirkenhake\Pavilion\pantheon.php3 --> www.vox-populi.de /benjaminbirkenhake/Pavillion pantheon.php3
101.09.09 15:38 B D:\ALLSAVES\Netz\benjaminbirkenhake\Pavilion\pantheon.php3 --> www.vox-populi.de /benjaminbirkenhake/Pavillion pantheon.php3
101.09.09 15:41 B D:\ALLSAVES\Netz\benjaminbirkenhake\Pavilion\pantheon.php3 --> www.vox-populi.de /benjaminbirkenhake/Pavillion pantheon.php3
101.09.09 15:42 B D:\ALLSAVES\Netz\benjaminbirkenhake\Pavilion\pantheon.php3 --> www.vox-populi.de /benjaminbirkenhake/Pavillion pantheon.php3
101.09.09 15:42 B D:\ALLSAVES\Netz\benjaminbirkenhake\Pavilion\pantheon.php3 --> www.vox-populi.de /benjaminbirkenhake/Pavillion pantheon.php3
101.09.09 15:43 B D:\ALLSAVES\Netz\benjaminbirkenhake\Pavilion\pantheon.php3 --> www.vox-populi.de /benjaminbirkenhake/Pavillion pantheon.php3
101.09.09 15:46 B D:\ALLSAVES\Netz\benjaminbirkenhake\Pavilion\pantheon.php3 --> www.vox-populi.de /benjaminbirkenhake/Pavillion pantheon.php3
101.09.09 15:47 B D:\ALLSAVES\Netz\benjaminbirkenhake\Pavilion\pantheon.php3 --> www.vox-populi.de /benjaminbirkenhake/Pavillion pantheon.php3
101.09.09 15:47 B D:\ALLSAVES\Netz\benjaminbirkenhake\Pavilion\pantheon.php3 --> www.vox-populi.de /benjaminbirkenhake/Pavillion pantheon.php3
101.09.09 15:48 B D:\ALLSAVES\Netz\benjaminbirkenhake\Pavilion\pantheon.php3 --> www.vox-populi.de /benjaminbirkenhake/Pavillion pantheon.php3
101.09.09 15:48 B D:\ALLSAVES\Netz\benjaminbirkenhake\Pavilion\pantheon.php3 --> www.vox-populi.de /benjaminbirkenhake/Pavillion pantheon.php3
101.09.09 15:49 B D:\ALLSAVES\Netz\benjaminbirkenhake\Pavilion\pantheon.php3 --> www.vox-populi.de /benjaminbirkenhake/Pavillion pantheon.php3
101.09.09 15:52 B D:\ALLSAVES\Netz\benjaminbirkenhake\Pavilion\pantheon.php3 --> www.vox-populi.de /benjaminbirkenhake/Pavillion pantheon.php3
101.09.09 15:54 B D:\ALLSAVES\Netz\benjaminbirkenhake\Pavilion\pantheon.php3 --> www.vox-populi.de /benjaminbirkenhake/Pavillion pantheon.php3
101.09.09 16:00 B D:\ALLSAVES\Netz\benjaminbirkenhake\Pavilion\pantheon.php3 --> www.vox-populi.de /benjaminbirkenhake/Pavillion pantheon.php3
101.09.09 16:07 B D:\ALLSAVES\Netz\benjaminbirkenhake\Pavilion\pantheon.php3 --> www.vox-populi.de /benjaminbirkenhake/Pavillion pantheon.php3
101.09.09 16:08 B D:\ALLSAVES\Netz\benjaminbirkenhake\Pavilion\pantheon.php3 --> www.vox-populi.de /benjaminbirkenhake/Pavillion pantheon.php3
101.09.09 16:11 B D:\ALLSAVES\Netz\benjaminbirkenhake\Pavilion\pantheon.php3 --> www.vox-populi.de /benjaminbirkenhake/Pavillion pantheon.php3
101.09.09 16:13 B D:\ALLSAVES\Netz\benjaminbirkenhake\Pavilion\pantheon.html --> www.vox-populi.de /benjaminbirkenhake/Pavillion pantheon.html
101.09.09 16:14 B D:\ALLSAVES\Netz\benjaminbirkenhake\Pavilion\pantheon.php3 --> www.vox-populi.de /benjaminbirkenhake/Pavillion pantheon.php3
101.09.09 16:16 B D:\ALLSAVES\Netz\benjaminbirkenhake\Pavilion\pantheon.php3 --> www.vox-populi.de /benjaminbirkenhake/Pavillion pantheon.php3
101.09.09 16:16 B D:\ALLSAVES\Netz\benjaminbirkenhake\Pavilion\pantheon.php3 --> www.vox-populi.de /benjaminbirkenhake/Pavillion pantheon.php3
101.09.09 16:18 B D:\ALLSAVES\Netz\benjaminbirkenhake\Pavilion\pantheon.php3 --> www.vox-populi.de /benjaminbirkenhake/Pavillion pantheon.php3
101.09.09 16:19 B D:\ALLSAVES\Netz\benjaminbirkenhake\Pavilion\pantheon.php3 --> www.vox-populi.de /benjaminbirkenhake/Pavillion pantheon.php3
101.09.09 16:20 B D:\ALLSAVES\Netz\benjaminbirkenhake\Pavilion\pantheon.html --> www.vox-populi.de /benjaminbirkenhake/Pavillion pantheon.html
101.09.09 16:24 B D:\ALLSAVES\Netz\benjaminbirkenhake\Pavilion\pantheon.html --> www.vox-populi.de /benjaminbirkenhake/Pavillion pantheon.html
101.09.09 16:27 B D:\ALLSAVES\Netz\benjaminbirkenhake\Pavilion\pantheon.html --> www.vox-populi.de /benjaminbirkenhake/Pavillion pantheon.html
101.09.09 16:28 B D:\ALLSAVES\Netz\benjaminbirkenhake\Pavilion\pantheon.php3 --> www.vox-populi.de /benjaminbirkenhake/Pavillion pantheon.php3
101.09.09 16:55 B D:\ALLSAVES\Netz\benjaminbirkenhake\Pavilion\zeilen.html --> www.vox-populi.de /benjaminbirkenhake/Pavillion zeilen.html
101.09.09 16:55 B D:\ALLSAVES\Netz\benjaminbirkenhake\Pavilion\zeile.php3 --> www.vox-populi.de /benjaminbirkenhake/Pavillion zeile.php3
101.09.09 16:55 B D:\ALLSAVES\Netz\benjaminbirkenhake\Pavilion\smalltop.html --> www.vox-populi.de /benjaminbirkenhake/Pavillion smalltop.html
101.09.09 16:55 B D:\ALLSAVES\Netz\benjaminbirkenhake\Pavilion\smallbot.html --> www.vox-populi.de /benjaminbirkenhake/Pavillion smallbot.html
101.09.09 16:55 B D:\ALLSAVES\Netz\benjaminbirkenhake\Pavilion\whitelinebot.gif --> www.vox-populi.de /benjaminbirkenhake/Pavillion whitelinebot.gif
101.09.09 17:00 B D:\ALLSAVES\Netz\benjaminbirkenhake\Pavilion\zeile.php3 --> www.vox-populi.de /benjaminbirkenhake/Pavillion zeile.php3
101.09.09 17:02 B D:\ALLSAVES\Netz\benjaminbirkenhake\Pavilion\zeile.php3 --> www.vox-populi.de /benjaminbirkenhake/Pavillion zeile.php3
101.09.09 17:04 B D:\ALLSAVES\Netz\benjaminbirkenhake\Pavilion\zeile.php3 --> www.vox-populi.de /benjaminbirkenhake/Pavillion zeile.php3
101.09.09 17:44 B D:\ALLSAVES\Netz\benjaminbirkenhake\Pavilion\zeile.php3 --> www.vox-populi.de /benjaminbirkenhake/Pavillion zeile.php3
101.09.09 17:46 B D:\ALLSAVES\Netz\benjaminbirkenhake\Pavilion\zeile.php3 --> www.vox-populi.de /benjaminbirkenhake/Pavillion zeile.php3
101.09.09 17:48 B D:\ALLSAVES\Netz\benjaminbirkenhake\Pavilion\zeile.php3 --> www.vox-populi.de /benjaminbirkenhake/Pavillion zeile.php3
101.09.09 17:49 B D:\ALLSAVES\Netz\benjaminbirkenhake\Pavilion\zeile.php3 --> www.vox-populi.de /benjaminbirkenhake/Pavillion zeile.php3
101.09.09 17:51 B D:\ALLSAVES\Netz\benjaminbirkenhake\Pavilion\zeile.php3 --> www.vox-populi.de /benjaminbirkenhake/Pavillion zeile.php3
101.09.09 17:53 B D:\ALLSAVES\Netz\benjaminbirkenhake\Pavilion\zeile.php3 --> www.vox-populi.de /benjaminbirkenhake/Pavillion zeile.php3
101.09.09 17:58 B D:\ALLSAVES\Netz\benjaminbirkenhake\Pavilion\zeile.php3 --> www.vox-populi.de /benjaminbirkenhake/Pavillion zeile.php3
101.09.09 17:59 B D:\ALLSAVES\Netz\benjaminbirkenhake\Pavilion\zeile.php3 --> www.vox-populi.de /benjaminbirkenhake/Pavillion zeile.php3
101.09.09 18:04 B D:\ALLSAVES\Netz\benjaminbirkenhake\Pavilion\zeile.php3 --> www.vox-populi.de /benjaminbirkenhake/Pavillion zeile.php3
101.09.09 18:53 B D:\ALLSAVES\Netz\benjaminbirkenhake\Pavilion\pantheon.php3 --> www.vox-populi.de /benjaminbirkenhake/Pavillion pantheon.php3
101.09.09 18:53 B D:\ALLSAVES\Netz\benjaminbirkenhake\Pavilion\pantheon.php3 --> www.vox-populi.de /benjaminbirkenhake/Pavillion pantheon.php3
101.09.09 18:53 B D:\ALLSAVES\Netz\benjaminbirkenhake\Pavilion\b15.jpg --> www.vox-populi.de /benjaminbirkenhake/Pavillion b15.jpg
101.09.09 18:53 B D:\ALLSAVES\Netz\benjaminbirkenhake\Pavilion\b14.jpg --> www.vox-populi.de /benjaminbirkenhake/Pavillion b14.jpg
101.09.09 18:53 B D:\ALLSAVES\Netz\benjaminbirkenhake\Pavilion\b13.jpg --> www.vox-populi.de /benjaminbirkenhake/Pavillion b13.jpg
101.09.09 18:53 B D:\ALLSAVES\Netz\benjaminbirkenhake\Pavilion\b0.jpg --> www.vox-populi.de /benjaminbirkenhake/Pavillion b0.jpg
101.09.09 18:53 B D:\ALLSAVES\Netz\benjaminbirkenhake\Pavilion\b12.jpg --> www.vox-populi.de /benjaminbirkenhake/Pavillion b12.jpg
101.09.09 18:53 B D:\ALLSAVES\Netz\benjaminbirkenhake\Pavilion\b11.jpg --> www.vox-populi.de /benjaminbirkenhake/Pavillion b11.jpg
101.09.09 18:53 B D:\ALLSAVES\Netz\benjaminbirkenhake\Pavilion\b10.jpg --> www.vox-populi.de /benjaminbirkenhake/Pavillion b10.jpg
101.09.09 18:54 B D:\ALLSAVES\Netz\benjaminbirkenhake\Pavilion\b9.jpg --> www.vox-populi.de /benjaminbirkenhake/Pavillion b9.jpg
101.09.09 18:54 B D:\ALLSAVES\Netz\benjaminbirkenhake\Pavilion\b8.jpg --> www.vox-populi.de /benjaminbirkenhake/Pavillion b8.jpg
101.09.09 18:54 B D:\ALLSAVES\Netz\benjaminbirkenhake\Pavilion\b7.jpg --> www.vox-populi.de /benjaminbirkenhake/Pavillion b7.jpg
101.09.09 18:54 B D:\ALLSAVES\Netz\benjaminbirkenhake\Pavilion\b6.jpg --> www.vox-populi.de /benjaminbirkenhake/Pavillion b6.jpg
101.09.09 18:54 B D:\ALLSAVES\Netz\benjaminbirkenhake\Pavilion\b6.jpg --> www.vox-populi.de /benjaminbirkenhake/Pavillion b6.jpg
101.09.09 18:54 B D:\ALLSAVES\Netz\benjaminbirkenhake\Pavilion\b7.jpg --> www.vox-populi.de /benjaminbirkenhake/Pavillion b7.jpg
101.09.09 18:54 B D:\ALLSAVES\Netz\benjaminbirkenhake\Pavilion\b8.jpg --> www.vox-populi.de /benjaminbirkenhake/Pavillion b8.jpg
101.09.09 18:54 B D:\ALLSAVES\Netz\benjaminbirkenhake\Pavilion\b9.jpg --> www.vox-populi.de /benjaminbirkenhake/Pavillion b9.jpg
101.09.09 18:54 B D:\ALLSAVES\Netz\benjaminbirkenhake\Pavilion\barcelona.html --> www.vox-populi.de /benjaminbirkenhake/Pavillion barcelona.html
101.09.09 18:54 B D:\ALLSAVES\Netz\benjaminbirkenhake\Pavilion\black.css --> www.vox-populi.de /benjaminbirkenhake/Pavillion black.css
101.09.09 18:54 B D:\ALLSAVES\Netz\benjaminbirkenhake\Pavilion\p1.jpg --> www.vox-populi.de /benjaminbirkenhake/Pavillion p1.jpg
101.09.09 18:54 B D:\ALLSAVES\Netz\benjaminbirkenhake\Pavilion\p10.jpg --> www.vox-populi.de /benjaminbirkenhake/Pavillion p10.jpg
101.09.09 18:54 B D:\ALLSAVES\Netz\benjaminbirkenhake\Pavilion\p11.jpg --> www.vox-populi.de /benjaminbirkenhake/Pavillion p11.jpg
101.09.09 18:54 B D:\ALLSAVES\Netz\benjaminbirkenhake\Pavilion\p12.jpg --> www.vox-populi.de /benjaminbirkenhake/Pavillion p12.jpg
101.09.09 18:54 B D:\ALLSAVES\Netz\benjaminbirkenhake\Pavilion\p13.jpg --> www.vox-populi.de /benjaminbirkenhake/Pavillion p13.jpg
101.09.09 18:54 B D:\ALLSAVES\Netz\benjaminbirkenhake\Pavilion\p14.jpg --> www.vox-populi.de /benjaminbirkenhake/Pavillion p14.jpg
101.09.09 18:54 B D:\ALLSAVES\Netz\benjaminbirkenhake\Pavilion\p15.jpg --> www.vox-populi.de /benjaminbirkenhake/Pavillion p15.jpg
101.09.09 18:54 B D:\ALLSAVES\Netz\benjaminbirkenhake\Pavilion\p16.jpg --> www.vox-populi.de /benjaminbirkenhake/Pavillion p16.jpg
101.09.09 18:54 B D:\ALLSAVES\Netz\benjaminbirkenhake\Pavilion\p17.jpg --> www.vox-populi.de /benjaminbirkenhake/Pavillion p17.jpg
101.09.09 18:54 B D:\ALLSAVES\Netz\benjaminbirkenhake\Pavilion\p18.jpg --> www.vox-populi.de /benjaminbirkenhake/Pavillion p18.jpg
101.09.09 18:54 B D:\ALLSAVES\Netz\benjaminbirkenhake\Pavilion\p19.jpg --> www.vox-populi.de /benjaminbirkenhake/Pavillion p19.jpg
101.09.09 18:54 B D:\ALLSAVES\Netz\benjaminbirkenhake\Pavilion\p2.jpg --> www.vox-populi.de /benjaminbirkenhake/Pavillion p2.jpg
101.09.09 18:54 B D:\ALLSAVES\Netz\benjaminbirkenhake\Pavilion\p20.jpg --> www.vox-populi.de /benjaminbirkenhake/Pavillion p20.jpg
101.09.09 18:54 B D:\ALLSAVES\Netz\benjaminbirkenhake\Pavilion\p21.jpg --> www.vox-populi.de /benjaminbirkenhake/Pavillion p21.jpg
101.09.09 18:54 B D:\ALLSAVES\Netz\benjaminbirkenhake\Pavilion\p22.jpg --> www.vox-populi.de /benjaminbirkenhake/Pavillion p22.jpg
101.09.09 18:54 B D:\ALLSAVES\Netz\benjaminbirkenhake\Pavilion\p23.jpg --> www.vox-populi.de /benjaminbirkenhake/Pavillion p23.jpg
101.09.09 18:54 B D:\ALLSAVES\Netz\benjaminbirkenhake\Pavilion\p24.jpg --> www.vox-populi.de /benjaminbirkenhake/Pavillion p24.jpg
101.09.09 18:54 B D:\ALLSAVES\Netz\benjaminbirkenhake\Pavilion\p25.jpg --> www.vox-populi.de /benjaminbirkenhake/Pavillion p25.jpg
101.09.09 18:54 B D:\ALLSAVES\Netz\benjaminbirkenhake\Pavilion\p26.jpg --> www.vox-populi.de /benjaminbirkenhake/Pavillion p26.jpg
101.09.09 18:55 B D:\ALLSAVES\Netz\benjaminbirkenhake\Pavilion\p27.jpg --> www.vox-populi.de /benjaminbirkenhake/Pavillion p27.jpg
101.09.09 18:55 B D:\ALLSAVES\Netz\benjaminbirkenhake\Pavilion\p28.jpg --> www.vox-populi.de /benjaminbirkenhake/Pavillion p28.jpg
101.09.09 18:55 B D:\ALLSAVES\Netz\benjaminbirkenhake\Pavilion\p29.jpg --> www.vox-populi.de /benjaminbirkenhake/Pavillion p29.jpg
101.09.09 18:55 B D:\ALLSAVES\Netz\benjaminbirkenhake\Pavilion\p3.jpg --> www.vox-populi.de /benjaminbirkenhake/Pavillion p3.jpg
101.09.09 18:55 B D:\ALLSAVES\Netz\benjaminbirkenhake\Pavilion\p30.jpg --> www.vox-populi.de /benjaminbirkenhake/Pavillion p30.jpg
101.09.09 18:55 B D:\ALLSAVES\Netz\benjaminbirkenhake\Pavilion\p31.jpg --> www.vox-populi.de /benjaminbirkenhake/Pavillion p31.jpg
101.09.09 18:55 B D:\ALLSAVES\Netz\benjaminbirkenhake\Pavilion\p32.jpg --> www.vox-populi.de /benjaminbirkenhake/Pavillion p32.jpg
101.09.09 18:55 B D:\ALLSAVES\Netz\benjaminbirkenhake\Pavilion\p4.jpg --> www.vox-populi.de /benjaminbirkenhake/Pavillion p4.jpg
101.09.09 18:55 B D:\ALLSAVES\Netz\benjaminbirkenhake\Pavilion\p5.jpg --> www.vox-populi.de /benjaminbirkenhake/Pavillion p5.jpg
101.09.09 18:55 B D:\ALLSAVES\Netz\benjaminbirkenhake\Pavilion\p6.jpg --> www.vox-populi.de /benjaminbirkenhake/Pavillion p6.jpg
101.09.09 18:55 B D:\ALLSAVES\Netz\benjaminbirkenhake\Pavilion\p7.jpg --> www.vox-populi.de /benjaminbirkenhake/Pavillion p7.jpg
101.09.09 18:55 B D:\ALLSAVES\Netz\benjaminbirkenhake\Pavilion\p8.jpg --> www.vox-populi.de /benjaminbirkenhake/Pavillion p8.jpg
101.09.09 18:55 B D:\ALLSAVES\Netz\benjaminbirkenhake\Pavilion\p9.jpg --> www.vox-populi.de /benjaminbirkenhake/Pavillion p9.jpg
101.09.09 18:56 B D:\ALLSAVES\Netz\benjaminbirkenhake\Pavilion\pantheon.html --> www.vox-populi.de /benjaminbirkenhake/Pavillion pantheon.html
101.09.09 19:05 B D:\ALLSAVES\Netz\benjaminbirkenhake\Pavilion\pantheon.php3 --> www.vox-populi.de /benjaminbirkenhake/Pavillion pantheon.php3
101.09.09 19:05 B D:\ALLSAVES\Netz\benjaminbirkenhake\Pavilion\pantheon.html --> www.vox-populi.de /benjaminbirkenhake/Pavillion pantheon.html
101.09.09 19:07 B D:\ALLSAVES\Netz\benjaminbirkenhake\Pavilion\pantheon.php3 --> www.vox-populi.de /benjaminbirkenhake/Pavillion pantheon.php3
101.09.09 19:09 B D:\ALLSAVES\Netz\benjaminbirkenhake\Pavilion\pantheon.php3 --> www.vox-populi.de /benjaminbirkenhake/Pavillion pantheon.php3
101.09.09 19:15 B D:\ALLSAVES\Netz\benjaminbirkenhake\Pavilion\pantheon.html --> www.vox-populi.de /benjaminbirkenhake/Pavillion pantheon.html
101.09.09 19:15 B D:\ALLSAVES\Netz\benjaminbirkenhake\Pavilion\pantheon.php3 --> www.vox-populi.de /benjaminbirkenhake/Pavillion pantheon.php3
101.09.09 19:16 B D:\ALLSAVES\Netz\benjaminbirkenhake\Pavilion\pantheon.html --> www.vox-populi.de /benjaminbirkenhake/Pavillion pantheon.html
101.09.09 19:17 B D:\ALLSAVES\Netz\benjaminbirkenhake\Pavilion\pantheon.php3 --> www.vox-populi.de /benjaminbirkenhake/Pavillion pantheon.php3
101.09.09 19:19 B D:\ALLSAVES\Netz\benjaminbirkenhake\Pavilion\pantheon.php3 --> www.vox-populi.de /benjaminbirkenhake/Pavillion pantheon.php3
101.09.09 19:19 B D:\ALLSAVES\Netz\benjaminbirkenhake\Pavilion\pantheon.html --> www.vox-populi.de /benjaminbirkenhake/Pavillion pantheon.html
101.09.09 19:20 B D:\ALLSAVES\Netz\benjaminbirkenhake\Pavilion\pantheon.php3 --> www.vox-populi.de /benjaminbirkenhake/Pavillion pantheon.php3
101.09.09 19:20 B D:\ALLSAVES\Netz\benjaminbirkenhake\Pavilion\pantheon.html --> www.vox-populi.de /benjaminbirkenhake/Pavillion pantheon.html
101.09.09 19:23 B D:\ALLSAVES\Netz\benjaminbirkenhake\Pavilion\p33.jpg --> www.vox-populi.de /benjaminbirkenhake/Pavillion p33.jpg
101.09.09 19:27 B D:\ALLSAVES\Netz\benjaminbirkenhake\Pavilion\pantheon.php3 --> www.vox-populi.de /benjaminbirkenhake/Pavillion pantheon.php3
101.09.09 19:30 B D:\ALLSAVES\Netz\benjaminbirkenhake\Pavilion\pantheon.html --> www.vox-populi.de /benjaminbirkenhake/Pavillion pantheon.html
101.09.09 19:31 B D:\ALLSAVES\Netz\benjaminbirkenhake\Pavilion\p33.jpg --> www.vox-populi.de /benjaminbirkenhake/Pavillion p33.jpg
101.09.10 13:33 B D:\ALLSAVES\Netz\benjaminbirkenhake\Pavilion\zeile.php3 --> www.vox-populi.de /benjaminbirkenhake/Pavillion zeile.php3
101.09.10 13:33 B D:\ALLSAVES\Netz\benjaminbirkenhake\Pavilion\miespix.php3 --> www.vox-populi.de /benjaminbirkenhake/Pavillion miespix.php3
101.09.10 13:33 B D:\ALLSAVES\Netz\benjaminbirkenhake\Pavilion\smallpix.php3 --> www.vox-populi.de /benjaminbirkenhake/Pavillion smallpix.php3
101.09.10 13:33 B D:\ALLSAVES\Netz\benjaminbirkenhake\Pavilion\bigpix.php3 --> www.vox-populi.de /benjaminbirkenhake/Pavillion bigpix.php3
101.09.10 13:33 B D:\ALLSAVES\Netz\benjaminbirkenhake\Pavilion\bigpix.html --> www.vox-populi.de /benjaminbirkenhake/Pavillion bigpix.html
101.09.10 13:33 B D:\ALLSAVES\Netz\benjaminbirkenhake\Pavilion\smallpix.html --> www.vox-populi.de /benjaminbirkenhake/Pavillion smallpix.html
101.09.10 13:33 B D:\ALLSAVES\Netz\benjaminbirkenhake\Pavilion\barcelona2.html --> www.vox-populi.de /benjaminbirkenhake/Pavillion barcelona2.html
101.09.10 13:33 B D:\ALLSAVES\Netz\benjaminbirkenhake\Pavilion\mies.html --> www.vox-populi.de /benjaminbirkenhake/Pavillion mies.html
101.09.10 13:33 B D:\ALLSAVES\Netz\benjaminbirkenhake\Pavilion\welcome_barcelona.html --> www.vox-populi.de /benjaminbirkenhake/Pavillion welcome_barcelona.html
101.09.10 13:33 B D:\ALLSAVES\Netz\benjaminbirkenhake\Pavilion\welcome_barcelona2.html --> www.vox-populi.de /benjaminbirkenhake/Pavillion welcome_barcelona2.html
101.09.10 13:33 B D:\ALLSAVES\Netz\benjaminbirkenhake\Pavilion\whitelinetop.gif --> www.vox-populi.de /benjaminbirkenhake/Pavillion whitelinetop.gif
101.09.10 13:33 B D:\ALLSAVES\Netz\benjaminbirkenhake\Pavilion\barcelona.html --> www.vox-populi.de /benjaminbirkenhake/Pavillion barcelona.html
101.09.10 13:37 B D:\ALLSAVES\Netz\benjaminbirkenhake\Pavilion\miespix.php3 --> www.vox-populi.de /benjaminbirkenhake/Pavillion miespix.php3
101.09.10 13:37 B D:\ALLSAVES\Netz\benjaminbirkenhake\Pavilion\bigpix.php3 --> www.vox-populi.de /benjaminbirkenhake/Pavillion bigpix.php3
101.09.10 13:37 B D:\ALLSAVES\Netz\benjaminbirkenhake\Pavilion\smallpix.php3 --> www.vox-populi.de /benjaminbirkenhake/Pavillion smallpix.php3
101.09.10 13:40 B D:\ALLSAVES\Netz\benjaminbirkenhake\Pavilion\miespix.php3 --> www.vox-populi.de /benjaminbirkenhake/Pavillion miespix.php3
101.09.10 13:40 B D:\ALLSAVES\Netz\benjaminbirkenhake\Pavilion\bigpix.php3 --> www.vox-populi.de /benjaminbirkenhake/Pavillion bigpix.php3
101.09.10 13:40 B D:\ALLSAVES\Netz\benjaminbirkenhake\Pavilion\smallpix.php3 --> www.vox-populi.de /benjaminbirkenhake/Pavillion smallpix.php3
101.09.10 13:42 B D:\ALLSAVES\Netz\benjaminbirkenhake\Pavilion\miespix.php3 --> www.vox-populi.de /benjaminbirkenhake/Pavillion miespix.php3
101.09.10 13:42 B D:\ALLSAVES\Netz\benjaminbirkenhake\Pavilion\bigpix.php3 --> www.vox-populi.de /benjaminbirkenhake/Pavillion bigpix.php3
101.09.10 13:42 B D:\ALLSAVES\Netz\benjaminbirkenhake\Pavilion\smallpix.php3 --> www.vox-populi.de /benjaminbirkenhake/Pavillion smallpix.php3
101.09.10 13:45 B D:\ALLSAVES\Netz\benjaminbirkenhake\Pavilion\b1.jpg --> www.vox-populi.de /benjaminbirkenhake/Pavillion b1.jpg
101.09.10 13:49 B D:\ALLSAVES\Netz\benjaminbirkenhake\Pavilion\bigpix.php3 --> www.vox-populi.de /benjaminbirkenhake/Pavillion bigpix.php3
101.09.10 13:50 B D:\ALLSAVES\Netz\benjaminbirkenhake\Pavilion\b2.jpg --> www.vox-populi.de /benjaminbirkenhake/Pavillion b2.jpg
101.09.10 13:51 B D:\ALLSAVES\Netz\benjaminbirkenhake\Pavilion\b0.jpg --> www.vox-populi.de /benjaminbirkenhake/Pavillion b0.jpg
101.09.10 13:52 B D:\ALLSAVES\Netz\benjaminbirkenhake\Pavilion\b1.jpg --> www.vox-populi.de /benjaminbirkenhake/Pavillion b1.jpg
101.09.10 13:52 B D:\ALLSAVES\Netz\benjaminbirkenhake\Pavilion\b10.jpg --> www.vox-populi.de /benjaminbirkenhake/Pavillion b10.jpg
101.09.10 13:52 B D:\ALLSAVES\Netz\benjaminbirkenhake\Pavilion\b11.jpg --> www.vox-populi.de /benjaminbirkenhake/Pavillion b11.jpg
101.09.10 13:52 B D:\ALLSAVES\Netz\benjaminbirkenhake\Pavilion\b12.jpg --> www.vox-populi.de /benjaminbirkenhake/Pavillion b12.jpg
101.09.10 13:52 B D:\ALLSAVES\Netz\benjaminbirkenhake\Pavilion\b13.jpg --> www.vox-populi.de /benjaminbirkenhake/Pavillion b13.jpg
101.09.10 13:52 B D:\ALLSAVES\Netz\benjaminbirkenhake\Pavilion\b14.jpg --> www.vox-populi.de /benjaminbirkenhake/Pavillion b14.jpg
101.09.10 13:52 B D:\ALLSAVES\Netz\benjaminbirkenhake\Pavilion\b15.jpg --> www.vox-populi.de /benjaminbirkenhake/Pavillion b15.jpg
101.09.10 13:52 B D:\ALLSAVES\Netz\benjaminbirkenhake\Pavilion\b2.jpg --> www.vox-populi.de /benjaminbirkenhake/Pavillion b2.jpg
101.09.10 13:53 B D:\ALLSAVES\Netz\benjaminbirkenhake\Pavilion\b3.jpg --> www.vox-populi.de /benjaminbirkenhake/Pavillion b3.jpg
101.09.10 13:53 B D:\ALLSAVES\Netz\benjaminbirkenhake\Pavilion\b4.jpg --> www.vox-populi.de /benjaminbirkenhake/Pavillion b4.jpg
101.09.10 13:53 B D:\ALLSAVES\Netz\benjaminbirkenhake\Pavilion\b5.jpg --> www.vox-populi.de /benjaminbirkenhake/Pavillion b5.jpg
101.09.10 13:53 B D:\ALLSAVES\Netz\benjaminbirkenhake\Pavilion\b6.jpg --> www.vox-populi.de /benjaminbirkenhake/Pavillion b6.jpg
101.09.10 13:53 B D:\ALLSAVES\Netz\benjaminbirkenhake\Pavilion\b7.jpg --> www.vox-populi.de /benjaminbirkenhake/Pavillion b7.jpg
101.09.10 13:53 B D:\ALLSAVES\Netz\benjaminbirkenhake\Pavilion\b8.jpg --> www.vox-populi.de /benjaminbirkenhake/Pavillion b8.jpg
101.09.10 13:53 B D:\ALLSAVES\Netz\benjaminbirkenhake\Pavilion\b9.jpg --> www.vox-populi.de /benjaminbirkenhake/Pavillion b9.jpg
101.09.10 13:54 B D:\ALLSAVES\Netz\benjaminbirkenhake\Pavilion\welcome_zeilen.html --> www.vox-populi.de /benjaminbirkenhake/Pavillion welcome_zeilen.html
101.09.10 13:57 B D:\ALLSAVES\Netz\benjaminbirkenhake\Pavilion\smallpix.php3 --> www.vox-populi.de /benjaminbirkenhake/Pavillion smallpix.php3
101.09.10 13:59 B D:\ALLSAVES\Netz\benjaminbirkenhake\Pavilion\b13.jpg --> www.vox-populi.de /benjaminbirkenhake/Pavillion b13.jpg
101.09.10 14:00 B D:\ALLSAVES\Netz\benjaminbirkenhake\Pavilion\bigpix.php3 --> www.vox-populi.de /benjaminbirkenhake/Pavillion bigpix.php3
101.09.10 14:01 B D:\ALLSAVES\Netz\benjaminbirkenhake\Pavilion\bigpix.php3 --> www.vox-populi.de /benjaminbirkenhake/Pavillion bigpix.php3
101.09.10 14:02 B D:\ALLSAVES\Netz\benjaminbirkenhake\Pavilion\zeile.php3 --> www.vox-populi.de /benjaminbirkenhake/Pavillion zeile.php3
101.09.10 14:04 B D:\ALLSAVES\Netz\benjaminbirkenhake\Pavilion\miespix.php3 --> www.vox-populi.de /benjaminbirkenhake/Pavillion miespix.php3
101.09.10 14:04 B D:\ALLSAVES\Netz\benjaminbirkenhake\Pavilion\b16.jpg --> www.vox-populi.de /benjaminbirkenhake/Pavillion b16.jpg
101.09.10 14:16 B D:\ALLSAVES\Netz\benjaminbirkenhake\Pavilion\zeile.php3 --> www.vox-populi.de /benjaminbirkenhake/Pavillion zeile.php3
101.09.14 00:17 B D:\ALLSAVES\Netz\benjaminbirkenhake\Pavillion\smalltop.html --> www.vox-populi.de /benjaminbirkenhake/Pavillion smalltop.html
101.09.24 15:08 B D:\Apache\htdocs\netz\benjaminbirkenhake\Pavillion\pantheon.html --> www.vox-populi.de /benjaminbirkenhake/Pavillion pantheon.html
101.09.24 15:08 B D:\Apache\htdocs\netz\benjaminbirkenhake\Pavillion\pantheon.php3 --> www.vox-populi.de /benjaminbirkenhake/Pavillion pantheon.php3
101.09.24 15:08 B D:\Apache\htdocs\netz\benjaminbirkenhake\Pavillion\p34.jpg --> www.vox-populi.de /benjaminbirkenhake/Pavillion p34.jpg
101.09.28 00:07 B D:\Apache\htdocs\netz\benjaminbirkenhake\Pavillion\white.css --> www.vox-populi.de /benjaminbirkenhake/Pavillion white.css
101.09.28 00:08 B D:\Apache\htdocs\netz\benjaminbirkenhake\Pavillion\black.css --> www.vox-populi.de /benjaminbirkenhake/Pavillion black.css
101.09.28 00:08 B D:\Apache\htdocs\netz\benjaminbirkenhake\Pavillion\main.css --> www.vox-populi.de /benjaminbirkenhake/Pavillion main.css
101.10.07 20:50 B D:\Apache\htdocs\netz\benjaminbirkenhake\Pavillion\black.css --> www.vox-populi.de /benjaminbirkenhake/Pavillion black.css
