101.09.27 00:44 B D:\Apache\htdocs\netz\benjaminbirkenhake\drumnbassdrone\choose.php3 --> www.vox-populi.de /benjaminbirkenhake/drumnbassdrone choose.php3
101.09.27 00:44 B D:\Apache\htdocs\netz\benjaminbirkenhake\drumnbassdrone\dnb-poem1.xml --> www.vox-populi.de /benjaminbirkenhake/drumnbassdrone dnb-poem1.xml
101.09.27 00:44 B D:\Apache\htdocs\netz\benjaminbirkenhake\drumnbassdrone\dnbbook.php3 --> www.vox-populi.de /benjaminbirkenhake/drumnbassdrone dnbbook.php3
101.09.27 00:44 B D:\Apache\htdocs\netz\benjaminbirkenhake\drumnbassdrone\dnbbook.xml --> www.vox-populi.de /benjaminbirkenhake/drumnbassdrone dnbbook.xml
101.09.27 00:44 B D:\Apache\htdocs\netz\benjaminbirkenhake\drumnbassdrone\dnbdrone.css --> www.vox-populi.de /benjaminbirkenhake/drumnbassdrone dnbdrone.css
101.09.27 00:44 B D:\Apache\htdocs\netz\benjaminbirkenhake\drumnbassdrone\dnbdrone.jpg --> www.vox-populi.de /benjaminbirkenhake/drumnbassdrone dnbdrone.jpg
101.09.27 00:44 B D:\Apache\htdocs\netz\benjaminbirkenhake\drumnbassdrone\dnblog.php3 --> www.vox-populi.de /benjaminbirkenhake/drumnbassdrone dnblog.php3
101.09.27 00:44 B D:\Apache\htdocs\netz\benjaminbirkenhake\drumnbassdrone\dnblog.xml --> www.vox-populi.de /benjaminbirkenhake/drumnbassdrone dnblog.xml
101.09.27 00:44 B D:\Apache\htdocs\netz\benjaminbirkenhake\drumnbassdrone\dndrone.jpg --> www.vox-populi.de /benjaminbirkenhake/drumnbassdrone dndrone.jpg
101.09.27 00:44 B D:\Apache\htdocs\netz\benjaminbirkenhake\drumnbassdrone\guestbook.xml --> www.vox-populi.de /benjaminbirkenhake/drumnbassdrone guestbook.xml
101.09.27 00:44 B D:\Apache\htdocs\netz\benjaminbirkenhake\drumnbassdrone\index.html --> www.vox-populi.de /benjaminbirkenhake/drumnbassdrone index.html
101.09.27 00:44 B D:\Apache\htdocs\netz\benjaminbirkenhake\drumnbassdrone\projekt.xml --> www.vox-populi.de /benjaminbirkenhake/drumnbassdrone projekt.xml
101.09.27 00:44 B D:\Apache\htdocs\netz\benjaminbirkenhake\drumnbassdrone\rand.xml --> www.vox-populi.de /benjaminbirkenhake/drumnbassdrone rand.xml
101.09.27 00:44 B D:\Apache\htdocs\netz\benjaminbirkenhake\drumnbassdrone\text.xml --> www.vox-populi.de /benjaminbirkenhake/drumnbassdrone text.xml
101.09.27 00:47 B D:\Apache\htdocs\netz\benjaminbirkenhake\drumnbassdrone\dnbdrone.css --> www.vox-populi.de /benjaminbirkenhake/drumnbassdrone dnbdrone.css
101.09.27 00:47 B D:\Apache\htdocs\netz\benjaminbirkenhake\drumnbassdrone\dnbdrone.css --> www.vox-populi.de /benjaminbirkenhake/drumnbassdrone dnbdrone.css
101.09.27 00:48 B D:\Apache\htdocs\netz\benjaminbirkenhake\drumnbassdrone\dnbdrone.css --> www.vox-populi.de /benjaminbirkenhake/drumnbassdrone dnbdrone.css
101.09.27 00:49 B D:\Apache\htdocs\netz\benjaminbirkenhake\drumnbassdrone\dnbdrone.css --> www.vox-populi.de /benjaminbirkenhake/drumnbassdrone dnbdrone.css
101.09.27 00:50 B D:\Apache\htdocs\netz\benjaminbirkenhake\drumnbassdrone\dnbdrone.css --> www.vox-populi.de /benjaminbirkenhake/drumnbassdrone dnbdrone.css
101.09.27 00:51 B D:\Apache\htdocs\netz\benjaminbirkenhake\drumnbassdrone\dnbdrone.css --> www.vox-populi.de /benjaminbirkenhake/drumnbassdrone dnbdrone.css
101.09.27 00:54 B D:\Apache\htdocs\netz\benjaminbirkenhake\drumnbassdrone\dnbdrone.css --> www.vox-populi.de /benjaminbirkenhake/drumnbassdrone dnbdrone.css
101.09.27 00:54 B D:\Apache\htdocs\netz\benjaminbirkenhake\drumnbassdrone\index.html --> www.vox-populi.de /benjaminbirkenhake/drumnbassdrone index.html
101.09.27 00:58 B D:\Apache\htdocs\netz\benjaminbirkenhake\drumnbassdrone\dnbdrone.css --> www.vox-populi.de /benjaminbirkenhake/drumnbassdrone dnbdrone.css
101.09.27 01:02 B D:\Apache\htdocs\netz\benjaminbirkenhake\drumnbassdrone\choose.php3 --> www.vox-populi.de /benjaminbirkenhake/drumnbassdrone choose.php3
101.09.27 01:04 B D:\Apache\htdocs\netz\benjaminbirkenhake\drumnbassdrone\choose.php3 --> www.vox-populi.de /benjaminbirkenhake/drumnbassdrone choose.php3
101.09.27 01:04 B D:\Apache\htdocs\netz\benjaminbirkenhake\drumnbassdrone\choose.php3 --> www.vox-populi.de /benjaminbirkenhake/drumnbassdrone choose.php3
101.09.27 01:05 B D:\Apache\htdocs\netz\benjaminbirkenhake\drumnbassdrone\dnbdrone.css --> www.vox-populi.de /benjaminbirkenhake/drumnbassdrone dnbdrone.css
101.09.27 01:06 B D:\Apache\htdocs\netz\benjaminbirkenhake\drumnbassdrone\dnbdrone.css --> www.vox-populi.de /benjaminbirkenhake/drumnbassdrone dnbdrone.css
101.09.27 01:06 B D:\Apache\htdocs\netz\benjaminbirkenhake\drumnbassdrone\dnbdrone.css --> www.vox-populi.de /benjaminbirkenhake/drumnbassdrone dnbdrone.css
101.09.27 01:07 B D:\Apache\htdocs\netz\benjaminbirkenhake\drumnbassdrone\dnbdrone.css --> www.vox-populi.de /benjaminbirkenhake/drumnbassdrone dnbdrone.css
101.09.27 01:07 B D:\Apache\htdocs\netz\benjaminbirkenhake\drumnbassdrone\dnbdrone.css --> www.vox-populi.de /benjaminbirkenhake/drumnbassdrone dnbdrone.css
101.09.27 01:09 B D:\Apache\htdocs\netz\benjaminbirkenhake\drumnbassdrone\dnbdrone.jpg --> www.vox-populi.de /benjaminbirkenhake/drumnbassdrone dnbdrone.jpg
101.09.27 02:30 B D:\Apache\htdocs\netz\benjaminbirkenhake\drumnbassdrone\choose.php3 --> www.vox-populi.de /benjaminbirkenhake/drumnbassdrone choose.php3
101.09.27 02:30 B D:\Apache\htdocs\netz\benjaminbirkenhake\drumnbassdrone\dnb-poem1.xml --> www.vox-populi.de /benjaminbirkenhake/drumnbassdrone dnb-poem1.xml
101.09.27 02:30 B D:\Apache\htdocs\netz\benjaminbirkenhake\drumnbassdrone\dnbbook.php3 --> www.vox-populi.de /benjaminbirkenhake/drumnbassdrone dnbbook.php3
101.09.27 02:30 B D:\Apache\htdocs\netz\benjaminbirkenhake\drumnbassdrone\dnbbook.xml --> www.vox-populi.de /benjaminbirkenhake/drumnbassdrone dnbbook.xml
101.09.27 02:30 B D:\Apache\htdocs\netz\benjaminbirkenhake\drumnbassdrone\dnbdrone.css --> www.vox-populi.de /benjaminbirkenhake/drumnbassdrone dnbdrone.css
101.09.27 02:31 B D:\Apache\htdocs\netz\benjaminbirkenhake\drumnbassdrone\dnbdrone.jpg --> www.vox-populi.de /benjaminbirkenhake/drumnbassdrone dnbdrone.jpg
101.09.27 02:31 B D:\Apache\htdocs\netz\benjaminbirkenhake\drumnbassdrone\dnblog.php3 --> www.vox-populi.de /benjaminbirkenhake/drumnbassdrone dnblog.php3
101.09.27 02:31 B D:\Apache\htdocs\netz\benjaminbirkenhake\drumnbassdrone\dnblog.xml --> www.vox-populi.de /benjaminbirkenhake/drumnbassdrone dnblog.xml
101.09.27 02:31 B D:\Apache\htdocs\netz\benjaminbirkenhake\drumnbassdrone\index.html --> www.vox-populi.de /benjaminbirkenhake/drumnbassdrone index.html
101.09.27 02:31 B D:\Apache\htdocs\netz\benjaminbirkenhake\drumnbassdrone\projekt.xml --> www.vox-populi.de /benjaminbirkenhake/drumnbassdrone projekt.xml
101.09.27 02:31 B D:\Apache\htdocs\netz\benjaminbirkenhake\drumnbassdrone\rand.xml --> www.vox-populi.de /benjaminbirkenhake/drumnbassdrone rand.xml
101.09.27 02:31 B D:\Apache\htdocs\netz\benjaminbirkenhake\drumnbassdrone\text.xml --> www.vox-populi.de /benjaminbirkenhake/drumnbassdrone text.xml
101.09.27 02:32 B D:\Apache\htdocs\netz\benjaminbirkenhake\drumnbassdrone\projekt.xml --> www.vox-populi.de /benjaminbirkenhake/drumnbassdrone projekt.xml
101.09.27 10:23 B D:\Apache\htdocs\netz\benjaminbirkenhake\drumnbassdrone\projekt.xml --> www.vox-populi.de /benjaminbirkenhake/drumnbassdrone projekt.xml
101.09.28 00:05 B D:\Apache\htdocs\netz\benjaminbirkenhake\drumnbassdrone\dnbdrone.css --> www.vox-populi.de /benjaminbirkenhake/drumnbassdrone dnbdrone.css
101.09.28 13:37 B D:\Apache\htdocs\netz\benjaminbirkenhake\drumnbassdrone\dnbbook.xml <-- www.vox-populi.de /benjaminbirkenhake/drumnbassdrone dnbbook.xml
101.09.28 13:37 B D:\Apache\htdocs\netz\benjaminbirkenhake\drumnbassdrone\dnbbook.xml --> www.vox-populi.de /benjaminbirkenhake/drumnbassdrone dnbbook.xml
101.09.28 15:58 B D:\Apache\htdocs\netz\benjaminbirkenhake\drumnbassdrone\choose.php3 --> www.vox-populi.de /benjaminbirkenhake/drumnbassdrone choose.php3
101.09.28 15:58 B D:\Apache\htdocs\netz\benjaminbirkenhake\drumnbassdrone\scanned.xml --> www.vox-populi.de /benjaminbirkenhake/drumnbassdrone scanned.xml
101.09.28 15:59 B D:\Apache\htdocs\netz\benjaminbirkenhake\drumnbassdrone\dnbdrone.css --> www.vox-populi.de /benjaminbirkenhake/drumnbassdrone dnbdrone.css
101.09.28 15:59 B D:\Apache\htdocs\netz\benjaminbirkenhake\drumnbassdrone\text.xml --> www.vox-populi.de /benjaminbirkenhake/drumnbassdrone text.xml
101.09.28 15:59 B D:\Apache\htdocs\netz\benjaminbirkenhake\drumnbassdrone\flightdrone.jpg --> www.vox-populi.de /benjaminbirkenhake/drumnbassdrone flightdrone.jpg
101.09.28 16:30 B D:\Apache\htdocs\netz\benjaminbirkenhake\drumnbassdrone\choose.php3 --> www.vox-populi.de /benjaminbirkenhake/drumnbassdrone choose.php3
101.09.28 16:30 B D:\Apache\htdocs\netz\benjaminbirkenhake\drumnbassdrone\index.html --> www.vox-populi.de /benjaminbirkenhake/drumnbassdrone index.html
101.09.28 16:30 B D:\Apache\htdocs\netz\benjaminbirkenhake\drumnbassdrone\dnblog.php3 --> www.vox-populi.de /benjaminbirkenhake/drumnbassdrone dnblog.php3
101.09.28 16:30 B D:\Apache\htdocs\netz\benjaminbirkenhake\drumnbassdrone\dnbbook.php3 --> www.vox-populi.de /benjaminbirkenhake/drumnbassdrone dnbbook.php3
101.09.28 16:30 B D:\Apache\htdocs\netz\benjaminbirkenhake\drumnbassdrone\ubootdrone.jpg --> www.vox-populi.de /benjaminbirkenhake/drumnbassdrone ubootdrone.jpg
101.09.28 16:30 B D:\Apache\htdocs\netz\benjaminbirkenhake\drumnbassdrone\technical itch --> www.vox-populi.de /benjaminbirkenhake/drumnbassdrone technical itch
101.09.28 16:30 B D:\Apache\htdocs\netz\benjaminbirkenhake\drumnbassdrone\bad-company --> www.vox-populi.de /benjaminbirkenhake/drumnbassdrone bad-company
101.09.28 16:30 B D:\Apache\htdocs\netz\benjaminbirkenhake\drumnbassdrone\kemistry+storm --> www.vox-populi.de /benjaminbirkenhake/drumnbassdrone kemistry+storm
101.09.29 03:58 B D:\Apache\htdocs\netz\benjaminbirkenhake\drumnbassdrone\choose.php3 --> www.vox-populi.de /benjaminbirkenhake/drumnbassdrone choose.php3
101.09.29 03:58 B D:\Apache\htdocs\netz\benjaminbirkenhake\drumnbassdrone\spacedrone.jpg --> www.vox-populi.de /benjaminbirkenhake/drumnbassdrone spacedrone.jpg
101.09.29 03:59 B D:\Apache\htdocs\netz\benjaminbirkenhake\drumnbassdrone\dnb-poem2.xml --> www.vox-populi.de /benjaminbirkenhake/drumnbassdrone dnb-poem2.xml
101.09.29 15:11 B D:\Apache\htdocs\netz\benjaminbirkenhake\drumnbassdrone\bad-company --> www.vox-populi.de /benjaminbirkenhake/drumnbassdrone bad-company
101.09.29 15:12 B D:\Apache\htdocs\netz\benjaminbirkenhake\drumnbassdrone\kemistrystorm1.php3 --> www.vox-populi.de /benjaminbirkenhake/drumnbassdrone kemistrystorm1.php3
101.09.29 15:12 B D:\Apache\htdocs\netz\benjaminbirkenhake\drumnbassdrone\choose.php3 --> www.vox-populi.de /benjaminbirkenhake/drumnbassdrone choose.php3
101.09.29 15:12 B D:\Apache\htdocs\netz\benjaminbirkenhake\drumnbassdrone\kemistry+storm1.xml --> www.vox-populi.de /benjaminbirkenhake/drumnbassdrone kemistry+storm1.xml
101.09.29 15:12 B D:\Apache\htdocs\netz\benjaminbirkenhake\drumnbassdrone\kemistry+storm --> www.vox-populi.de /benjaminbirkenhake/drumnbassdrone kemistry+storm
101.09.29 15:16 B D:\Apache\htdocs\netz\benjaminbirkenhake\drumnbassdrone\kemi.jpg --> www.vox-populi.de /benjaminbirkenhake/drumnbassdrone kemi.jpg
101.09.29 17:53 B D:\Apache\htdocs\netz\benjaminbirkenhake\drumnbassdrone\talkingsamples.xml --> www.vox-populi.de /benjaminbirkenhake/drumnbassdrone talkingsamples.xml
101.09.29 17:53 B D:\Apache\htdocs\netz\benjaminbirkenhake\drumnbassdrone\choose.php3 --> www.vox-populi.de /benjaminbirkenhake/drumnbassdrone choose.php3
101.09.29 20:32 B D:\Apache\htdocs\netz\benjaminbirkenhake\drumnbassdrone\choose.php3 --> www.vox-populi.de /benjaminbirkenhake/drumnbassdrone choose.php3
101.09.29 20:33 B D:\Apache\htdocs\netz\benjaminbirkenhake\drumnbassdrone\energydrone.jpg --> www.vox-populi.de /benjaminbirkenhake/drumnbassdrone energydrone.jpg
101.09.29 20:33 B D:\Apache\htdocs\netz\benjaminbirkenhake\drumnbassdrone\dnbdrone.css --> www.vox-populi.de /benjaminbirkenhake/drumnbassdrone dnbdrone.css
101.09.29 20:33 B D:\Apache\htdocs\netz\benjaminbirkenhake\drumnbassdrone\flightdrone.jpg --> www.vox-populi.de /benjaminbirkenhake/drumnbassdrone flightdrone.jpg
101.09.29 20:34 B D:\Apache\htdocs\netz\benjaminbirkenhake\drumnbassdrone\celldrone.jpg --> www.vox-populi.de /benjaminbirkenhake/drumnbassdrone celldrone.jpg
101.10.02 01:38 B D:\Apache\htdocs\netz\benjaminbirkenhake\drumnbassdrone\zen.xml --> www.vox-populi.de /benjaminbirkenhake/drumnbassdrone zen.xml
101.10.02 01:38 B D:\Apache\htdocs\netz\benjaminbirkenhake\drumnbassdrone\choose.php3 --> www.vox-populi.de /benjaminbirkenhake/drumnbassdrone choose.php3
