101.09.02 17:21 B D:\ALLSAVES\Netz\benjaminbirkenhake\Meine-Dinge\camel_ohne.jpg --> www.vox-populi.de /benjaminbirkenhake/Meine-Dinge camel_ohne.jpg
101.09.02 17:21 B D:\ALLSAVES\Netz\benjaminbirkenhake\Meine-Dinge\dichter_denker.jpg --> www.vox-populi.de /benjaminbirkenhake/Meine-Dinge dichter_denker.jpg
101.09.02 17:22 B D:\ALLSAVES\Netz\benjaminbirkenhake\Meine-Dinge\durchsichtige_cd.jpg --> www.vox-populi.de /benjaminbirkenhake/Meine-Dinge durchsichtige_cd.jpg
101.09.02 17:22 B D:\ALLSAVES\Netz\benjaminbirkenhake\Meine-Dinge\fuer_benni.jpg --> www.vox-populi.de /benjaminbirkenhake/Meine-Dinge fuer_benni.jpg
101.09.02 17:22 B D:\ALLSAVES\Netz\benjaminbirkenhake\Meine-Dinge\jedi_marke.jpg --> www.vox-populi.de /benjaminbirkenhake/Meine-Dinge jedi_marke.jpg
101.09.02 17:22 B D:\ALLSAVES\Netz\benjaminbirkenhake\Meine-Dinge\kalender_berlin.jpg --> www.vox-populi.de /benjaminbirkenhake/Meine-Dinge kalender_berlin.jpg
101.09.02 17:22 B D:\ALLSAVES\Netz\benjaminbirkenhake\Meine-Dinge\kalender_harlekin.jpg --> www.vox-populi.de /benjaminbirkenhake/Meine-Dinge kalender_harlekin.jpg
101.09.02 17:22 B D:\ALLSAVES\Netz\benjaminbirkenhake\Meine-Dinge\kalender_techniks.jpg --> www.vox-populi.de /benjaminbirkenhake/Meine-Dinge kalender_techniks.jpg
101.09.02 17:22 B D:\ALLSAVES\Netz\benjaminbirkenhake\Meine-Dinge\nil_wink.jpg --> www.vox-populi.de /benjaminbirkenhake/Meine-Dinge nil_wink.jpg
101.09.02 17:22 B D:\ALLSAVES\Netz\benjaminbirkenhake\Meine-Dinge\papier_samurai.jpg --> www.vox-populi.de /benjaminbirkenhake/Meine-Dinge papier_samurai.jpg
101.09.02 17:22 B D:\ALLSAVES\Netz\benjaminbirkenhake\Meine-Dinge\rahmen_hitler.jpg --> www.vox-populi.de /benjaminbirkenhake/Meine-Dinge rahmen_hitler.jpg
101.09.02 17:22 B D:\ALLSAVES\Netz\benjaminbirkenhake\Meine-Dinge\rahmen_marx.jpg --> www.vox-populi.de /benjaminbirkenhake/Meine-Dinge rahmen_marx.jpg
101.09.02 17:22 B D:\ALLSAVES\Netz\benjaminbirkenhake\Meine-Dinge\styropor_flugzeug.jpg --> www.vox-populi.de /benjaminbirkenhake/Meine-Dinge styropor_flugzeug.jpg
101.09.02 17:22 B D:\ALLSAVES\Netz\benjaminbirkenhake\Meine-Dinge\the_caramel.jpg --> www.vox-populi.de /benjaminbirkenhake/Meine-Dinge the_caramel.jpg
101.09.02 17:27 B D:\ALLSAVES\Netz\benjaminbirkenhake\Meine-Dinge\index.html <-- www.vox-populi.de /digitalbrigade index.html
101.09.02 19:36 B D:\ALLSAVES\Netz\benjaminbirkenhake\Meine-Dinge\coolste_postkarte.jpg --> www.vox-populi.de /benjaminbirkenhake/Meine-Dinge coolste_postkarte.jpg
101.09.03 18:41 B D:\ALLSAVES\Netz\benjaminbirkenhake\Meine-Dinge\nav_ver.html --> www.vox-populi.de /benjaminbirkenhake/Meine-Dinge nav_ver.html
101.09.03 18:41 B D:\ALLSAVES\Netz\benjaminbirkenhake\Meine-Dinge\nav_hor.html --> www.vox-populi.de /benjaminbirkenhake/Meine-Dinge nav_hor.html
101.09.03 18:41 B D:\ALLSAVES\Netz\benjaminbirkenhake\Meine-Dinge\die_coolste_postkarte_der_welt.html --> www.vox-populi.de /benjaminbirkenhake/Meine-Dinge die_coolste_postkarte_der_welt.html
101.09.03 18:41 B D:\ALLSAVES\Netz\benjaminbirkenhake\Meine-Dinge\nil_wink.html.html --> www.vox-populi.de /benjaminbirkenhake/Meine-Dinge nil_wink.html.html
101.09.03 18:41 B D:\ALLSAVES\Netz\benjaminbirkenhake\Meine-Dinge\mann_rahmen2.html --> www.vox-populi.de /benjaminbirkenhake/Meine-Dinge mann_rahmen2.html
101.09.03 18:42 B D:\ALLSAVES\Netz\benjaminbirkenhake\Meine-Dinge\mann_rahmen1.html --> www.vox-populi.de /benjaminbirkenhake/Meine-Dinge mann_rahmen1.html
101.09.03 18:42 B D:\ALLSAVES\Netz\benjaminbirkenhake\Meine-Dinge\kalender_techniks.html --> www.vox-populi.de /benjaminbirkenhake/Meine-Dinge kalender_techniks.html
101.09.03 18:42 B D:\ALLSAVES\Netz\benjaminbirkenhake\Meine-Dinge\kalender_harlekin.html --> www.vox-populi.de /benjaminbirkenhake/Meine-Dinge kalender_harlekin.html
101.09.03 18:42 B D:\ALLSAVES\Netz\benjaminbirkenhake\Meine-Dinge\kalender_berlin.html --> www.vox-populi.de /benjaminbirkenhake/Meine-Dinge kalender_berlin.html
101.09.03 18:42 B D:\ALLSAVES\Netz\benjaminbirkenhake\Meine-Dinge\content.html --> www.vox-populi.de /benjaminbirkenhake/Meine-Dinge content.html
101.09.03 18:42 B D:\ALLSAVES\Netz\benjaminbirkenhake\Meine-Dinge\meine_dinge.jpg --> www.vox-populi.de /benjaminbirkenhake/Meine-Dinge meine_dinge.jpg
101.09.03 18:42 B D:\ALLSAVES\Netz\benjaminbirkenhake\Meine-Dinge\frame.html --> www.vox-populi.de /benjaminbirkenhake/Meine-Dinge frame.html
101.09.03 18:42 B D:\ALLSAVES\Netz\benjaminbirkenhake\Meine-Dinge\standart.html --> www.vox-populi.de /benjaminbirkenhake/Meine-Dinge standart.html
101.09.03 18:42 B D:\ALLSAVES\Netz\benjaminbirkenhake\Meine-Dinge\zettel_vorne.jpg --> www.vox-populi.de /benjaminbirkenhake/Meine-Dinge zettel_vorne.jpg
101.09.03 18:42 B D:\ALLSAVES\Netz\benjaminbirkenhake\Meine-Dinge\zettel_hinten.jpg --> www.vox-populi.de /benjaminbirkenhake/Meine-Dinge zettel_hinten.jpg
101.09.03 18:47 B D:\ALLSAVES\Netz\benjaminbirkenhake\Meine-Dinge\nav_hor.html --> www.vox-populi.de /benjaminbirkenhake/Meine-Dinge nav_hor.html
101.09.03 18:48 B D:\ALLSAVES\Netz\benjaminbirkenhake\Meine-Dinge\nav_hor.html --> www.vox-populi.de /benjaminbirkenhake/Meine-Dinge nav_hor.html
101.09.04 00:21 B D:\ALLSAVES\Netz\benjaminbirkenhake\Meine-Dinge\nav_hor.html --> www.vox-populi.de /benjaminbirkenhake/Meine-Dinge nav_hor.html
101.09.04 00:21 B D:\ALLSAVES\Netz\benjaminbirkenhake\Meine-Dinge\kalender_techniks.html --> www.vox-populi.de /benjaminbirkenhake/Meine-Dinge kalender_techniks.html
101.09.04 00:21 B D:\ALLSAVES\Netz\benjaminbirkenhake\Meine-Dinge\kalender_harlekin.html --> www.vox-populi.de /benjaminbirkenhake/Meine-Dinge kalender_harlekin.html
101.09.04 00:21 B D:\ALLSAVES\Netz\benjaminbirkenhake\Meine-Dinge\kalender_berlin.html --> www.vox-populi.de /benjaminbirkenhake/Meine-Dinge kalender_berlin.html
101.09.04 00:21 B D:\ALLSAVES\Netz\benjaminbirkenhake\Meine-Dinge\frame2.html --> www.vox-populi.de /benjaminbirkenhake/Meine-Dinge frame2.html
101.09.04 00:21 B D:\ALLSAVES\Netz\benjaminbirkenhake\Meine-Dinge\frame1.html --> www.vox-populi.de /benjaminbirkenhake/Meine-Dinge frame1.html
101.09.04 00:21 B D:\ALLSAVES\Netz\benjaminbirkenhake\Meine-Dinge\frame3.html --> www.vox-populi.de /benjaminbirkenhake/Meine-Dinge frame3.html
101.09.04 00:21 B D:\ALLSAVES\Netz\benjaminbirkenhake\Meine-Dinge\dichter_denker.html --> www.vox-populi.de /benjaminbirkenhake/Meine-Dinge dichter_denker.html
101.09.04 00:21 B D:\ALLSAVES\Netz\benjaminbirkenhake\Meine-Dinge\zettel_vorne.html --> www.vox-populi.de /benjaminbirkenhake/Meine-Dinge zettel_vorne.html
101.09.04 00:21 B D:\ALLSAVES\Netz\benjaminbirkenhake\Meine-Dinge\zettel_hinten.html --> www.vox-populi.de /benjaminbirkenhake/Meine-Dinge zettel_hinten.html
101.09.04 00:21 B D:\ALLSAVES\Netz\benjaminbirkenhake\Meine-Dinge\nav_ver3.html --> www.vox-populi.de /benjaminbirkenhake/Meine-Dinge nav_ver3.html
101.09.04 00:21 B D:\ALLSAVES\Netz\benjaminbirkenhake\Meine-Dinge\fuer_benni.html --> www.vox-populi.de /benjaminbirkenhake/Meine-Dinge fuer_benni.html
101.09.04 00:21 B D:\ALLSAVES\Netz\benjaminbirkenhake\Meine-Dinge\nav_ver2.html --> www.vox-populi.de /benjaminbirkenhake/Meine-Dinge nav_ver2.html
101.09.04 00:21 B D:\ALLSAVES\Netz\benjaminbirkenhake\Meine-Dinge\the_caramel.html --> www.vox-populi.de /benjaminbirkenhake/Meine-Dinge the_caramel.html
101.09.04 00:21 B D:\ALLSAVES\Netz\benjaminbirkenhake\Meine-Dinge\durchsichtige_cd.html --> www.vox-populi.de /benjaminbirkenhake/Meine-Dinge durchsichtige_cd.html
101.09.04 00:21 B D:\ALLSAVES\Netz\benjaminbirkenhake\Meine-Dinge\camel_ohne.html --> www.vox-populi.de /benjaminbirkenhake/Meine-Dinge camel_ohne.html
101.09.04 00:21 B D:\ALLSAVES\Netz\benjaminbirkenhake\Meine-Dinge\styropor_flugzeug.html --> www.vox-populi.de /benjaminbirkenhake/Meine-Dinge styropor_flugzeug.html
101.09.04 00:21 B D:\ALLSAVES\Netz\benjaminbirkenhake\Meine-Dinge\papier_samurai.html --> www.vox-populi.de /benjaminbirkenhake/Meine-Dinge papier_samurai.html
101.09.04 00:21 B D:\ALLSAVES\Netz\benjaminbirkenhake\Meine-Dinge\jedi_marke.html --> www.vox-populi.de /benjaminbirkenhake/Meine-Dinge jedi_marke.html
101.09.04 00:21 B D:\ALLSAVES\Netz\benjaminbirkenhake\Meine-Dinge\nav_hor2.html --> www.vox-populi.de /benjaminbirkenhake/Meine-Dinge nav_hor2.html
101.09.04 00:21 B D:\ALLSAVES\Netz\benjaminbirkenhake\Meine-Dinge\nav_hor1.html --> www.vox-populi.de /benjaminbirkenhake/Meine-Dinge nav_hor1.html
101.09.15 10:42 B D:\Apache\htdocs\netz\benjaminbirkenhake\Meine-Dinge\advanced_hardcore.html --> www.vox-populi.de /benjaminbirkenhake/Meine-Dinge advanced_hardcore.html
101.09.15 10:42 B D:\Apache\htdocs\netz\benjaminbirkenhake\Meine-Dinge\nav_ver3.html --> www.vox-populi.de /benjaminbirkenhake/Meine-Dinge nav_ver3.html
101.09.15 10:42 B D:\Apache\htdocs\netz\benjaminbirkenhake\Meine-Dinge\advanced_hardcore.jpg --> www.vox-populi.de /benjaminbirkenhake/Meine-Dinge advanced_hardcore.jpg
